2022-02-25 20:08:01,269 INFO o.a.j.u.JMeterUtils: Setting Locale to en_TH
2022-02-25 20:08:01,322 INFO o.a.j.JMeter: Loading user properties from: user.properties
2022-02-25 20:08:01,325 INFO o.a.j.JMeter: Loading system properties from: system.properties
2022-02-25 20:08:01,341 INFO o.a.j.JMeter: Copyright (c) 1998-2021 The Apache Software Foundation
2022-02-25 20:08:01,341 INFO o.a.j.JMeter: Version 5.4.3
2022-02-25 20:08:01,342 INFO o.a.j.JMeter: java.version=16.0.2
2022-02-25 20:08:01,342 INFO o.a.j.JMeter: java.vm.name=Java HotSpot(TM) 64-Bit Server VM
2022-02-25 20:08:01,342 INFO o.a.j.JMeter: os.name=Mac OS X
2022-02-25 20:08:01,342 INFO o.a.j.JMeter: os.arch=x86_64
2022-02-25 20:08:01,342 INFO o.a.j.JMeter: os.version=10.11.6
2022-02-25 20:08:01,342 INFO o.a.j.JMeter: file.encoding=UTF-8
2022-02-25 20:08:01,342 INFO o.a.j.JMeter: java.awt.headless=null
2022-02-25 20:08:01,343 INFO o.a.j.JMeter: Max memory     =2147483648
2022-02-25 20:08:01,343 INFO o.a.j.JMeter: Available Processors =4
2022-02-25 20:08:01,353 INFO o.a.j.JMeter: Default Locale=English (Thailand)
2022-02-25 20:08:01,353 INFO o.a.j.JMeter: JMeter  Locale=English (Thailand)
2022-02-25 20:08:01,354 INFO o.a.j.JMeter: JMeterHome=/Users/mac/Desktop/IT/JMETER/apache-jmeter-5.4.3
2022-02-25 20:08:01,354 INFO o.a.j.JMeter: user.dir  =/Users/mac/Desktop/IT/JMETER/apache-jmeter-5.4.3/bin
2022-02-25 20:08:01,354 INFO o.a.j.JMeter: PWD       =/Users/mac/Desktop/IT/JMETER/apache-jmeter-5.4.3/bin
2022-02-25 20:08:01,463 INFO o.a.j.JMeter: IP: 172.20.10.3 Name: macs-MacBook-Air.local FullName: 172.20.10.3
2022-02-25 20:08:01,983 INFO o.a.j.JMeter: Setting LAF to: laf:com.apple.laf.AquaLookAndFeel
2022-02-25 20:08:03,458 INFO o.a.j.JMeter: Loaded icon properties from org/apache/jmeter/images/icon.properties
2022-02-25 20:08:34,763 INFO o.a.j.p.h.s.HTTPSamplerBase: Parser for text/html is org.apache.jmeter.protocol.http.parser.LagartoBasedHtmlParser
2022-02-25 20:08:34,765 INFO o.a.j.p.h.s.HTTPSamplerBase: Parser for application/xhtml+xml is org.apache.jmeter.protocol.http.parser.LagartoBasedHtmlParser
2022-02-25 20:08:34,765 INFO o.a.j.p.h.s.HTTPSamplerBase: Parser for application/xml is org.apache.jmeter.protocol.http.parser.LagartoBasedHtmlParser
2022-02-25 20:08:34,765 INFO o.a.j.p.h.s.HTTPSamplerBase: Parser for text/xml is org.apache.jmeter.protocol.http.parser.LagartoBasedHtmlParser
2022-02-25 20:08:34,765 INFO o.a.j.p.h.s.HTTPSamplerBase: Parser for text/vnd.wap.wml is org.apache.jmeter.protocol.http.parser.RegexpHTMLParser
2022-02-25 20:08:34,765 INFO o.a.j.p.h.s.HTTPSamplerBase: Parser for text/css is org.apache.jmeter.protocol.http.parser.CssParser
2022-02-25 20:08:46,660 INFO o.a.j.s.SampleResult: Note: Sample TimeStamps are START times
2022-02-25 20:08:46,661 INFO o.a.j.s.SampleResult: sampleresult.default.encoding is set to ISO-8859-1
2022-02-25 20:08:46,661 INFO o.a.j.s.SampleResult: sampleresult.useNanoTime=true
2022-02-25 20:08:46,661 INFO o.a.j.s.SampleResult: sampleresult.nanoThreadSleep=5000
2022-02-25 20:08:47,155 INFO o.a.j.v.ViewResultsFullVisualizer: Add JavaFX to your Java installation if you want to use renderer: org.apache.jmeter.visualizers.RenderInBrowser
2022-02-25 20:45:37,698 INFO o.a.j.s.FileServer: Default base='/Users/mac/Desktop/IT/JMETER/apache-jmeter-5.4.3/bin'
2022-02-25 20:45:37,702 INFO o.a.j.s.FileServer: Set new base='/Users/mac/Desktop/IT/JMETER/apache-jmeter-5.4.3/bin'
2022-02-25 20:45:38,295 INFO o.a.j.s.SaveService: Testplan (JMX) version: 2.2. Testlog (JTL) version: 2.2
2022-02-25 20:45:38,331 INFO o.a.j.s.SaveService: Using SaveService properties version 5.0
2022-02-25 20:45:38,333 INFO o.a.j.s.SaveService: Using SaveService properties file encoding UTF-8
2022-02-25 20:45:38,397 INFO o.a.j.e.StandardJMeterEngine: Running the test!
2022-02-25 20:45:38,399 INFO o.a.j.s.SampleEvent: List of sample_variables: []
2022-02-25 20:45:38,399 INFO o.a.j.s.SampleEvent: List of sample_variables: []
2022-02-25 20:45:38,401 INFO o.a.j.e.u.CompoundVariable: Note: Function class names must contain the string: '.functions.'
2022-02-25 20:45:38,401 INFO o.a.j.e.u.CompoundVariable: Note: Function class names must not contain the string: '.gui.'
2022-02-25 20:45:38,535 INFO o.a.j.g.u.JMeterMenuBar: setRunning(true, *local*)
2022-02-25 20:45:38,555 INFO o.a.j.e.StandardJMeterEngine: Starting ThreadGroup: 1 : Gr_25
2022-02-25 20:45:38,555 INFO o.a.j.e.StandardJMeterEngine: Starting 100 threads for group Gr_25.
2022-02-25 20:45:38,555 INFO o.a.j.e.StandardJMeterEngine: Thread will continue on error
2022-02-25 20:45:38,556 INFO o.a.j.t.ThreadGroup: Starting thread group... number=1 threads=100 ramp-up=10 delayedStart=false
2022-02-25 20:45:38,568 INFO o.a.j.t.JMeterThread: Thread started: Gr_25 1-1
2022-02-25 20:45:38,634 INFO o.a.j.t.ThreadGroup: Started thread group number 1
2022-02-25 20:45:38,634 INFO o.a.j.e.StandardJMeterEngine: All thread groups have been started
2022-02-25 20:45:38,659 INFO o.a.j.p.h.s.HTTPHCAbstractImpl: Local host = macs-MacBook-Air.local
2022-02-25 20:45:38,665 INFO o.a.j.t.JMeterThread: Thread started: Gr_25 1-2
2022-02-25 20:45:38,702 INFO o.a.j.p.h.s.HTTPHC4Impl: HTTP request retry count = 0
2022-02-25 20:45:38,766 INFO o.a.j.t.JMeterThread: Thread started: Gr_25 1-3
2022-02-25 20:45:38,868 INFO o.a.j.t.JMeterThread: Thread started: Gr_25 1-4
2022-02-25 20:45:38,968 INFO o.a.j.t.JMeterThread: Thread started: Gr_25 1-5
2022-02-25 20:45:39,067 INFO o.a.j.t.JMeterThread: Thread started: Gr_25 1-6
2022-02-25 20:45:39,167 INFO o.a.j.t.JMeterThread: Thread started: Gr_25 1-7
2022-02-25 20:45:39,262 INFO o.a.j.t.JMeterThread: Thread started: Gr_25 1-8
2022-02-25 20:45:39,364 INFO o.a.j.t.JMeterThread: Thread started: Gr_25 1-9
2022-02-25 20:45:39,463 INFO o.a.j.t.JMeterThread: Thread started: Gr_25 1-10
2022-02-25 20:45:39,565 INFO o.a.j.t.JMeterThread: Thread started: Gr_25 1-11
2022-02-25 20:45:39,663 INFO o.a.j.t.JMeterThread: Thread started: Gr_25 1-12
2022-02-25 20:45:39,759 INFO o.a.j.t.JMeterThread: Thread started: Gr_25 1-13
2022-02-25 20:45:39,862 INFO o.a.j.t.JMeterThread: Thread started: Gr_25 1-14
2022-02-25 20:45:39,887 INFO o.a.j.t.JMeterThread: Thread is done: Gr_25 1-8
2022-02-25 20:45:39,887 INFO o.a.j.t.JMeterThread: Thread is done: Gr_25 1-3
2022-02-25 20:45:39,887 INFO o.a.j.t.JMeterThread: Thread is done: Gr_25 1-7
2022-02-25 20:45:39,887 INFO o.a.j.t.JMeterThread: Thread finished: Gr_25 1-8
2022-02-25 20:45:39,888 INFO o.a.j.t.JMeterThread: Thread finished: Gr_25 1-3
2022-02-25 20:45:39,887 INFO o.a.j.t.JMeterThread: Thread is done: Gr_25 1-9
2022-02-25 20:45:39,887 INFO o.a.j.t.JMeterThread: Thread is done: Gr_25 1-1
2022-02-25 20:45:39,888 INFO o.a.j.t.JMeterThread: Thread finished: Gr_25 1-9
2022-02-25 20:45:39,888 INFO o.a.j.t.JMeterThread: Thread finished: Gr_25 1-1
2022-02-25 20:45:39,887 INFO o.a.j.t.JMeterThread: Thread is done: Gr_25 1-4
2022-02-25 20:45:39,887 INFO o.a.j.t.JMeterThread: Thread is done: Gr_25 1-5
2022-02-25 20:45:39,888 INFO o.a.j.t.JMeterThread: Thread finished: Gr_25 1-4
2022-02-25 20:45:39,888 INFO o.a.j.t.JMeterThread: Thread finished: Gr_25 1-5
2022-02-25 20:45:39,888 INFO o.a.j.t.JMeterThread: Thread finished: Gr_25 1-7
2022-02-25 20:45:39,957 INFO o.a.j.t.JMeterThread: Thread is done: Gr_25 1-10
2022-02-25 20:45:39,957 INFO o.a.j.t.JMeterThread: Thread finished: Gr_25 1-10
2022-02-25 20:45:39,959 INFO o.a.j.t.JMeterThread: Thread started: Gr_25 1-15
2022-02-25 20:45:40,058 INFO o.a.j.t.JMeterThread: Thread started: Gr_25 1-16
2022-02-25 20:45:40,078 INFO o.a.j.t.JMeterThread: Thread is done: Gr_25 1-11
2022-02-25 20:45:40,078 INFO o.a.j.t.JMeterThread: Thread finished: Gr_25 1-11
2022-02-25 20:45:40,159 INFO o.a.j.t.JMeterThread: Thread started: Gr_25 1-17
2022-02-25 20:45:40,178 INFO o.a.j.t.JMeterThread: Thread is done: Gr_25 1-12
2022-02-25 20:45:40,178 INFO o.a.j.t.JMeterThread: Thread finished: Gr_25 1-12
2022-02-25 20:45:40,249 INFO o.a.j.t.JMeterThread: Thread is done: Gr_25 1-13
2022-02-25 20:45:40,249 INFO o.a.j.t.JMeterThread: Thread finished: Gr_25 1-13
2022-02-25 20:45:40,262 INFO o.a.j.t.JMeterThread: Thread started: Gr_25 1-18
2022-02-25 20:45:40,358 INFO o.a.j.t.JMeterThread: Thread started: Gr_25 1-19
2022-02-25 20:45:40,382 INFO o.a.j.t.JMeterThread: Thread is done: Gr_25 1-14
2022-02-25 20:45:40,383 INFO o.a.j.t.JMeterThread: Thread finished: Gr_25 1-14
2022-02-25 20:45:40,459 INFO o.a.j.t.JMeterThread: Thread started: Gr_25 1-20
2022-02-25 20:45:40,470 INFO o.a.j.t.JMeterThread: Thread is done: Gr_25 1-15
2022-02-25 20:45:40,471 INFO o.a.j.t.JMeterThread: Thread finished: Gr_25 1-15
2022-02-25 20:45:40,557 INFO o.a.j.t.JMeterThread: Thread started: Gr_25 1-21
2022-02-25 20:45:40,600 INFO o.a.j.t.JMeterThread: Thread is done: Gr_25 1-16
2022-02-25 20:45:40,601 INFO o.a.j.t.JMeterThread: Thread finished: Gr_25 1-16
2022-02-25 20:45:40,642 INFO o.a.j.t.JMeterThread: Thread is done: Gr_25 1-17
2022-02-25 20:45:40,643 INFO o.a.j.t.JMeterThread: Thread finished: Gr_25 1-17
2022-02-25 20:45:40,663 INFO o.a.j.t.JMeterThread: Thread started: Gr_25 1-22
2022-02-25 20:45:40,735 INFO o.a.j.t.JMeterThread: Thread is done: Gr_25 1-18
2022-02-25 20:45:40,736 INFO o.a.j.t.JMeterThread: Thread finished: Gr_25 1-18
2022-02-25 20:45:40,759 INFO o.a.j.t.JMeterThread: Thread started: Gr_25 1-23
2022-02-25 20:45:40,780 INFO o.a.j.t.JMeterThread: Thread is done: Gr_25 1-2
2022-02-25 20:45:40,780 INFO o.a.j.t.JMeterThread: Thread finished: Gr_25 1-2
2022-02-25 20:45:40,859 INFO o.a.j.t.JMeterThread: Thread started: Gr_25 1-24
2022-02-25 20:45:40,890 INFO o.a.j.t.JMeterThread: Thread is done: Gr_25 1-19
2022-02-25 20:45:40,891 INFO o.a.j.t.JMeterThread: Thread finished: Gr_25 1-19
2022-02-25 20:45:40,963 INFO o.a.j.t.JMeterThread: Thread started: Gr_25 1-25
2022-02-25 20:45:41,042 INFO o.a.j.t.JMeterThread: Thread is done: Gr_25 1-21
2022-02-25 20:45:41,043 INFO o.a.j.t.JMeterThread: Thread finished: Gr_25 1-21
2022-02-25 20:45:41,074 INFO o.a.j.t.JMeterThread: Thread started: Gr_25 1-26
2022-02-25 20:45:41,161 INFO o.a.j.t.JMeterThread: Thread started: Gr_25 1-27
2022-02-25 20:45:41,245 INFO o.a.j.t.JMeterThread: Thread is done: Gr_25 1-23
2022-02-25 20:45:41,246 INFO o.a.j.t.JMeterThread: Thread finished: Gr_25 1-23
2022-02-25 20:45:41,263 INFO o.a.j.t.JMeterThread: Thread started: Gr_25 1-28
2022-02-25 20:45:41,359 INFO o.a.j.t.JMeterThread: Thread started: Gr_25 1-29
2022-02-25 20:45:41,360 INFO o.a.j.t.JMeterThread: Thread is done: Gr_25 1-24
2022-02-25 20:45:41,361 INFO o.a.j.t.JMeterThread: Thread finished: Gr_25 1-24
2022-02-25 20:45:41,446 INFO o.a.j.t.JMeterThread: Thread is done: Gr_25 1-25
2022-02-25 20:45:41,447 INFO o.a.j.t.JMeterThread: Thread finished: Gr_25 1-25
2022-02-25 20:45:41,462 INFO o.a.j.t.JMeterThread: Thread started: Gr_25 1-30
2022-02-25 20:45:41,563 INFO o.a.j.t.JMeterThread: Thread started: Gr_25 1-31
2022-02-25 20:45:41,576 INFO o.a.j.t.JMeterThread: Thread is done: Gr_25 1-26
2022-02-25 20:45:41,576 INFO o.a.j.t.JMeterThread: Thread finished: Gr_25 1-26
2022-02-25 20:45:41,626 INFO o.a.j.t.JMeterThread: Thread is done: Gr_25 1-27
2022-02-25 20:45:41,627 INFO o.a.j.t.JMeterThread: Thread finished: Gr_25 1-27
2022-02-25 20:45:41,663 INFO o.a.j.t.JMeterThread: Thread started: Gr_25 1-32
2022-02-25 20:45:41,667 INFO o.a.j.t.JMeterThread: Thread is done: Gr_25 1-6
2022-02-25 20:45:41,668 INFO o.a.j.t.JMeterThread: Thread finished: Gr_25 1-6
2022-02-25 20:45:41,759 INFO o.a.j.t.JMeterThread: Thread started: Gr_25 1-33
2022-02-25 20:45:41,760 INFO o.a.j.t.JMeterThread: Thread is done: Gr_25 1-28
2022-02-25 20:45:41,760 INFO o.a.j.t.JMeterThread: Thread finished: Gr_25 1-28
2022-02-25 20:45:41,857 INFO o.a.j.t.JMeterThread: Thread started: Gr_25 1-34
2022-02-25 20:45:41,962 INFO o.a.j.t.JMeterThread: Thread started: Gr_25 1-35
2022-02-25 20:45:42,007 INFO o.a.j.t.JMeterThread: Thread is done: Gr_25 1-20
2022-02-25 20:45:42,007 INFO o.a.j.t.JMeterThread: Thread finished: Gr_25 1-20
2022-02-25 20:45:42,066 INFO o.a.j.t.JMeterThread: Thread started: Gr_25 1-36
2022-02-25 20:45:42,080 INFO o.a.j.t.JMeterThread: Thread is done: Gr_25 1-31
2022-02-25 20:45:42,080 INFO o.a.j.t.JMeterThread: Thread finished: Gr_25 1-31
2022-02-25 20:45:42,171 INFO o.a.j.t.JMeterThread: Thread started: Gr_25 1-37
2022-02-25 20:45:42,215 INFO o.a.j.t.JMeterThread: Thread is done: Gr_25 1-22
2022-02-25 20:45:42,215 INFO o.a.j.t.JMeterThread: Thread finished: Gr_25 1-22
2022-02-25 20:45:42,262 INFO o.a.j.t.JMeterThread: Thread started: Gr_25 1-38
2022-02-25 20:45:42,267 INFO o.a.j.t.JMeterThread: Thread is done: Gr_25 1-33
2022-02-25 20:45:42,268 INFO o.a.j.t.JMeterThread: Thread finished: Gr_25 1-33
2022-02-25 20:45:42,363 INFO o.a.j.t.JMeterThread: Thread started: Gr_25 1-39
2022-02-25 20:45:42,400 INFO o.a.j.t.JMeterThread: Thread is done: Gr_25 1-34
2022-02-25 20:45:42,401 INFO o.a.j.t.JMeterThread: Thread finished: Gr_25 1-34
2022-02-25 20:45:42,444 INFO o.a.j.t.JMeterThread: Thread is done: Gr_25 1-35
2022-02-25 20:45:42,445 INFO o.a.j.t.JMeterThread: Thread finished: Gr_25 1-35
2022-02-25 20:45:42,463 INFO o.a.j.t.JMeterThread: Thread started: Gr_25 1-40
2022-02-25 20:45:42,563 INFO o.a.j.t.JMeterThread: Thread started: Gr_25 1-41
2022-02-25 20:45:42,646 INFO o.a.j.t.JMeterThread: Thread is done: Gr_25 1-37
2022-02-25 20:45:42,647 INFO o.a.j.t.JMeterThread: Thread finished: Gr_25 1-37
2022-02-25 20:45:42,659 INFO o.a.j.t.JMeterThread: Thread started: Gr_25 1-42
2022-02-25 20:45:42,760 INFO o.a.j.t.JMeterThread: Thread started: Gr_25 1-43
2022-02-25 20:45:42,820 INFO o.a.j.t.JMeterThread: Thread is done: Gr_25 1-38
2022-02-25 20:45:42,820 INFO o.a.j.t.JMeterThread: Thread finished: Gr_25 1-38
2022-02-25 20:45:42,859 INFO o.a.j.t.JMeterThread: Thread started: Gr_25 1-44
2022-02-25 20:45:42,958 INFO o.a.j.t.JMeterThread: Thread started: Gr_25 1-45
2022-02-25 20:45:42,974 INFO o.a.j.t.JMeterThread: Thread is done: Gr_25 1-39
2022-02-25 20:45:42,974 INFO o.a.j.t.JMeterThread: Thread finished: Gr_25 1-39
2022-02-25 20:45:43,059 INFO o.a.j.t.JMeterThread: Thread started: Gr_25 1-46
2022-02-25 20:45:43,158 INFO o.a.j.t.JMeterThread: Thread started: Gr_25 1-47
2022-02-25 20:45:43,181 INFO o.a.j.t.JMeterThread: Thread is done: Gr_25 1-29
2022-02-25 20:45:43,181 INFO o.a.j.t.JMeterThread: Thread finished: Gr_25 1-29
2022-02-25 20:45:43,207 INFO o.a.j.t.JMeterThread: Thread is done: Gr_25 1-30
2022-02-25 20:45:43,207 INFO o.a.j.t.JMeterThread: Thread finished: Gr_25 1-30
2022-02-25 20:45:43,213 INFO o.a.j.t.JMeterThread: Thread is done: Gr_25 1-40
2022-02-25 20:45:43,214 INFO o.a.j.t.JMeterThread: Thread finished: Gr_25 1-40
2022-02-25 20:45:43,261 INFO o.a.j.t.JMeterThread: Thread started: Gr_25 1-48
2022-02-25 20:45:43,294 INFO o.a.j.t.JMeterThread: Thread is done: Gr_25 1-41
2022-02-25 20:45:43,294 INFO o.a.j.t.JMeterThread: Thread finished: Gr_25 1-41
2022-02-25 20:45:43,361 INFO o.a.j.t.JMeterThread: Thread started: Gr_25 1-49
2022-02-25 20:45:43,426 INFO o.a.j.t.JMeterThread: Thread is done: Gr_25 1-42
2022-02-25 20:45:43,426 INFO o.a.j.t.JMeterThread: Thread finished: Gr_25 1-42
2022-02-25 20:45:43,459 INFO o.a.j.t.JMeterThread: Thread started: Gr_25 1-50
2022-02-25 20:45:43,460 INFO o.a.j.t.JMeterThread: Thread is done: Gr_25 1-32
2022-02-25 20:45:43,461 INFO o.a.j.t.JMeterThread: Thread finished: Gr_25 1-32
2022-02-25 20:45:43,521 INFO o.a.j.t.JMeterThread: Thread is done: Gr_25 1-43
2022-02-25 20:45:43,522 INFO o.a.j.t.JMeterThread: Thread finished: Gr_25 1-43
2022-02-25 20:45:43,522 INFO o.a.j.t.JMeterThread: Thread is done: Gr_25 1-36
2022-02-25 20:45:43,523 INFO o.a.j.t.JMeterThread: Thread finished: Gr_25 1-36
2022-02-25 20:45:43,560 INFO o.a.j.t.JMeterThread: Thread started: Gr_25 1-51
2022-02-25 20:45:43,648 INFO o.a.j.t.JMeterThread: Thread is done: Gr_25 1-44
2022-02-25 20:45:43,649 INFO o.a.j.t.JMeterThread: Thread finished: Gr_25 1-44
2022-02-25 20:45:43,661 INFO o.a.j.t.JMeterThread: Thread started: Gr_25 1-52
2022-02-25 20:45:43,736 INFO o.a.j.t.JMeterThread: Thread is done: Gr_25 1-45
2022-02-25 20:45:43,736 INFO o.a.j.t.JMeterThread: Thread finished: Gr_25 1-45
2022-02-25 20:45:43,762 INFO o.a.j.t.JMeterThread: Thread started: Gr_25 1-53
2022-02-25 20:45:43,840 INFO o.a.j.t.JMeterThread: Thread is done: Gr_25 1-46
2022-02-25 20:45:43,841 INFO o.a.j.t.JMeterThread: Thread finished: Gr_25 1-46
2022-02-25 20:45:43,863 INFO o.a.j.t.JMeterThread: Thread started: Gr_25 1-54
2022-02-25 20:45:43,874 INFO o.a.j.t.JMeterThread: Thread is done: Gr_25 1-47
2022-02-25 20:45:43,874 INFO o.a.j.t.JMeterThread: Thread finished: Gr_25 1-47
2022-02-25 20:45:43,954 INFO o.a.j.t.JMeterThread: Thread is done: Gr_25 1-48
2022-02-25 20:45:43,955 INFO o.a.j.t.JMeterThread: Thread finished: Gr_25 1-48
2022-02-25 20:45:43,961 INFO o.a.j.t.JMeterThread: Thread started: Gr_25 1-55
2022-02-25 20:45:44,037 INFO o.a.j.t.JMeterThread: Thread is done: Gr_25 1-49
2022-02-25 20:45:44,037 INFO o.a.j.t.JMeterThread: Thread finished: Gr_25 1-49
2022-02-25 20:45:44,063 INFO o.a.j.t.JMeterThread: Thread started: Gr_25 1-56
2022-02-25 20:45:44,126 INFO o.a.j.t.JMeterThread: Thread is done: Gr_25 1-50
2022-02-25 20:45:44,127 INFO o.a.j.t.JMeterThread: Thread finished: Gr_25 1-50
2022-02-25 20:45:44,162 INFO o.a.j.t.JMeterThread: Thread started: Gr_25 1-57
2022-02-25 20:45:44,234 INFO o.a.j.t.JMeterThread: Thread is done: Gr_25 1-51
2022-02-25 20:45:44,234 INFO o.a.j.t.JMeterThread: Thread finished: Gr_25 1-51
2022-02-25 20:45:44,261 INFO o.a.j.t.JMeterThread: Thread started: Gr_25 1-58
2022-02-25 20:45:44,347 INFO o.a.j.t.JMeterThread: Thread is done: Gr_25 1-52
2022-02-25 20:45:44,347 INFO o.a.j.t.JMeterThread: Thread finished: Gr_25 1-52
2022-02-25 20:45:44,363 INFO o.a.j.t.JMeterThread: Thread started: Gr_25 1-59
2022-02-25 20:45:44,458 INFO o.a.j.t.JMeterThread: Thread started: Gr_25 1-60
2022-02-25 20:45:44,560 INFO o.a.j.t.JMeterThread: Thread started: Gr_25 1-61
2022-02-25 20:45:44,604 INFO o.a.j.t.JMeterThread: Thread is done: Gr_25 1-54
2022-02-25 20:45:44,604 INFO o.a.j.t.JMeterThread: Thread finished: Gr_25 1-54
2022-02-25 20:45:44,640 INFO o.a.j.t.JMeterThread: Thread is done: Gr_25 1-55
2022-02-25 20:45:44,640 INFO o.a.j.t.JMeterThread: Thread finished: Gr_25 1-55
2022-02-25 20:45:44,663 INFO o.a.j.t.JMeterThread: Thread started: Gr_25 1-62
2022-02-25 20:45:44,701 INFO o.a.j.t.JMeterThread: Thread is done: Gr_25 1-56
2022-02-25 20:45:44,701 INFO o.a.j.t.JMeterThread: Thread is done: Gr_25 1-57
2022-02-25 20:45:44,701 INFO o.a.j.t.JMeterThread: Thread finished: Gr_25 1-57
2022-02-25 20:45:44,701 INFO o.a.j.t.JMeterThread: Thread finished: Gr_25 1-56
2022-02-25 20:45:44,760 INFO o.a.j.t.JMeterThread: Thread started: Gr_25 1-63
2022-02-25 20:45:44,781 INFO o.a.j.t.JMeterThread: Thread is done: Gr_25 1-58
2022-02-25 20:45:44,782 INFO o.a.j.t.JMeterThread: Thread finished: Gr_25 1-58
2022-02-25 20:45:44,859 INFO o.a.j.t.JMeterThread: Thread started: Gr_25 1-64
2022-02-25 20:45:44,963 INFO o.a.j.t.JMeterThread: Thread started: Gr_25 1-65
2022-02-25 20:45:45,000 INFO o.a.j.t.JMeterThread: Thread is done: Gr_25 1-59
2022-02-25 20:45:45,000 INFO o.a.j.t.JMeterThread: Thread finished: Gr_25 1-59
2022-02-25 20:45:45,063 INFO o.a.j.t.JMeterThread: Thread started: Gr_25 1-66
2022-02-25 20:45:45,161 INFO o.a.j.t.JMeterThread: Thread is done: Gr_25 1-60
2022-02-25 20:45:45,161 INFO o.a.j.t.JMeterThread: Thread finished: Gr_25 1-60
2022-02-25 20:45:45,162 INFO o.a.j.t.JMeterThread: Thread started: Gr_25 1-67
2022-02-25 20:45:45,263 INFO o.a.j.t.JMeterThread: Thread started: Gr_25 1-68
2022-02-25 20:45:45,364 INFO o.a.j.t.JMeterThread: Thread started: Gr_25 1-69
2022-02-25 20:45:45,463 INFO o.a.j.t.JMeterThread: Thread started: Gr_25 1-70
2022-02-25 20:45:45,502 INFO o.a.j.t.JMeterThread: Thread is done: Gr_25 1-53
2022-02-25 20:45:45,502 INFO o.a.j.t.JMeterThread: Thread is done: Gr_25 1-63
2022-02-25 20:45:45,502 INFO o.a.j.t.JMeterThread: Thread finished: Gr_25 1-53
2022-02-25 20:45:45,503 INFO o.a.j.t.JMeterThread: Thread finished: Gr_25 1-63
2022-02-25 20:45:45,561 INFO o.a.j.t.JMeterThread: Thread is done: Gr_25 1-66
2022-02-25 20:45:45,561 INFO o.a.j.t.JMeterThread: Thread is done: Gr_25 1-64
2022-02-25 20:45:45,561 INFO o.a.j.t.JMeterThread: Thread finished: Gr_25 1-66
2022-02-25 20:45:45,561 INFO o.a.j.t.JMeterThread: Thread finished: Gr_25 1-64
2022-02-25 20:45:45,562 INFO o.a.j.t.JMeterThread: Thread started: Gr_25 1-71
2022-02-25 20:45:45,568 INFO o.a.j.t.JMeterThread: Thread is done: Gr_25 1-65
2022-02-25 20:45:45,568 INFO o.a.j.t.JMeterThread: Thread finished: Gr_25 1-65
2022-02-25 20:45:45,659 INFO o.a.j.t.JMeterThread: Thread started: Gr_25 1-72
2022-02-25 20:45:45,763 INFO o.a.j.t.JMeterThread: Thread started: Gr_25 1-73
2022-02-25 20:45:45,774 INFO o.a.j.t.JMeterThread: Thread is done: Gr_25 1-68
2022-02-25 20:45:45,775 INFO o.a.j.t.JMeterThread: Thread finished: Gr_25 1-68
2022-02-25 20:45:45,863 INFO o.a.j.t.JMeterThread: Thread started: Gr_25 1-74
2022-02-25 20:45:45,873 INFO o.a.j.t.JMeterThread: Thread is done: Gr_25 1-69
2022-02-25 20:45:45,874 INFO o.a.j.t.JMeterThread: Thread finished: Gr_25 1-69
2022-02-25 20:45:45,959 INFO o.a.j.t.JMeterThread: Thread started: Gr_25 1-75
2022-02-25 20:45:45,981 INFO o.a.j.t.JMeterThread: Thread is done: Gr_25 1-70
2022-02-25 20:45:45,981 INFO o.a.j.t.JMeterThread: Thread finished: Gr_25 1-70
2022-02-25 20:45:46,063 INFO o.a.j.t.JMeterThread: Thread started: Gr_25 1-76
2022-02-25 20:45:46,159 INFO o.a.j.t.JMeterThread: Thread started: Gr_25 1-77
2022-02-25 20:45:46,168 INFO o.a.j.t.JMeterThread: Thread is done: Gr_25 1-72
2022-02-25 20:45:46,168 INFO o.a.j.t.JMeterThread: Thread finished: Gr_25 1-72
2022-02-25 20:45:46,254 INFO o.a.j.t.JMeterThread: Thread is done: Gr_25 1-61
2022-02-25 20:45:46,255 INFO o.a.j.t.JMeterThread: Thread finished: Gr_25 1-61
2022-02-25 20:45:46,263 INFO o.a.j.t.JMeterThread: Thread started: Gr_25 1-78
2022-02-25 20:45:46,300 INFO o.a.j.t.JMeterThread: Thread is done: Gr_25 1-73
2022-02-25 20:45:46,300 INFO o.a.j.t.JMeterThread: Thread finished: Gr_25 1-73
2022-02-25 20:45:46,362 INFO o.a.j.t.JMeterThread: Thread started: Gr_25 1-79
2022-02-25 20:45:46,438 INFO o.a.j.t.JMeterThread: Thread is done: Gr_25 1-62
2022-02-25 20:45:46,438 INFO o.a.j.t.JMeterThread: Thread finished: Gr_25 1-62
2022-02-25 20:45:46,451 INFO o.a.j.t.JMeterThread: Thread is done: Gr_25 1-74
2022-02-25 20:45:46,452 INFO o.a.j.t.JMeterThread: Thread finished: Gr_25 1-74
2022-02-25 20:45:46,463 INFO o.a.j.t.JMeterThread: Thread started: Gr_25 1-80
2022-02-25 20:45:46,475 INFO o.a.j.t.JMeterThread: Thread is done: Gr_25 1-75
2022-02-25 20:45:46,475 INFO o.a.j.t.JMeterThread: Thread finished: Gr_25 1-75
2022-02-25 20:45:46,559 INFO o.a.j.t.JMeterThread: Thread started: Gr_25 1-81
2022-02-25 20:45:46,580 INFO o.a.j.t.JMeterThread: Thread is done: Gr_25 1-76
2022-02-25 20:45:46,581 INFO o.a.j.t.JMeterThread: Thread finished: Gr_25 1-76
2022-02-25 20:45:46,658 INFO o.a.j.t.JMeterThread: Thread started: Gr_25 1-82
2022-02-25 20:45:46,695 INFO o.a.j.t.JMeterThread: Thread is done: Gr_25 1-67
2022-02-25 20:45:46,695 INFO o.a.j.t.JMeterThread: Thread finished: Gr_25 1-67
2022-02-25 20:45:46,759 INFO o.a.j.t.JMeterThread: Thread started: Gr_25 1-83
2022-02-25 20:45:46,795 INFO o.a.j.t.JMeterThread: Thread is done: Gr_25 1-78
2022-02-25 20:45:46,795 INFO o.a.j.t.JMeterThread: Thread finished: Gr_25 1-78
2022-02-25 20:45:46,863 INFO o.a.j.t.JMeterThread: Thread started: Gr_25 1-84
2022-02-25 20:45:46,879 INFO o.a.j.t.JMeterThread: Thread is done: Gr_25 1-79
2022-02-25 20:45:46,879 INFO o.a.j.t.JMeterThread: Thread finished: Gr_25 1-79
2022-02-25 20:45:46,955 INFO o.a.j.t.JMeterThread: Thread is done: Gr_25 1-80
2022-02-25 20:45:46,955 INFO o.a.j.t.JMeterThread: Thread finished: Gr_25 1-80
2022-02-25 20:45:46,960 INFO o.a.j.t.JMeterThread: Thread started: Gr_25 1-85
2022-02-25 20:45:47,051 INFO o.a.j.t.JMeterThread: Thread is done: Gr_25 1-81
2022-02-25 20:45:47,052 INFO o.a.j.t.JMeterThread: Thread finished: Gr_25 1-81
2022-02-25 20:45:47,063 INFO o.a.j.t.JMeterThread: Thread started: Gr_25 1-86
2022-02-25 20:45:47,074 INFO o.a.j.t.JMeterThread: Thread is done: Gr_25 1-71
2022-02-25 20:45:47,074 INFO o.a.j.t.JMeterThread: Thread finished: Gr_25 1-71
2022-02-25 20:45:47,163 INFO o.a.j.t.JMeterThread: Thread started: Gr_25 1-87
2022-02-25 20:45:47,181 INFO o.a.j.t.JMeterThread: Thread is done: Gr_25 1-82
2022-02-25 20:45:47,181 INFO o.a.j.t.JMeterThread: Thread finished: Gr_25 1-82
2022-02-25 20:45:47,260 INFO o.a.j.t.JMeterThread: Thread is done: Gr_25 1-83
2022-02-25 20:45:47,260 INFO o.a.j.t.JMeterThread: Thread finished: Gr_25 1-83
2022-02-25 20:45:47,263 INFO o.a.j.t.JMeterThread: Thread started: Gr_25 1-88
2022-02-25 20:45:47,360 INFO o.a.j.t.JMeterThread: Thread is done: Gr_25 1-84
2022-02-25 20:45:47,360 INFO o.a.j.t.JMeterThread: Thread finished: Gr_25 1-84
2022-02-25 20:45:47,361 INFO o.a.j.t.JMeterThread: Thread started: Gr_25 1-89
2022-02-25 20:45:47,459 INFO o.a.j.t.JMeterThread: Thread started: Gr_25 1-90
2022-02-25 20:45:47,563 INFO o.a.j.t.JMeterThread: Thread started: Gr_25 1-91
2022-02-25 20:45:47,657 INFO o.a.j.t.JMeterThread: Thread started: Gr_25 1-92
2022-02-25 20:45:47,667 INFO o.a.j.t.JMeterThread: Thread is done: Gr_25 1-87
2022-02-25 20:45:47,668 INFO o.a.j.t.JMeterThread: Thread finished: Gr_25 1-87
2022-02-25 20:45:47,686 INFO o.a.j.t.JMeterThread: Thread is done: Gr_25 1-77
2022-02-25 20:45:47,687 INFO o.a.j.t.JMeterThread: Thread finished: Gr_25 1-77
2022-02-25 20:45:47,755 INFO o.a.j.t.JMeterThread: Thread is done: Gr_25 1-88
2022-02-25 20:45:47,755 INFO o.a.j.t.JMeterThread: Thread finished: Gr_25 1-88
2022-02-25 20:45:47,762 INFO o.a.j.t.JMeterThread: Thread started: Gr_25 1-93
2022-02-25 20:45:47,863 INFO o.a.j.t.JMeterThread: Thread started: Gr_25 1-94
2022-02-25 20:45:47,875 INFO o.a.j.t.JMeterThread: Thread is done: Gr_25 1-89
2022-02-25 20:45:47,875 INFO o.a.j.t.JMeterThread: Thread finished: Gr_25 1-89
2022-02-25 20:45:47,959 INFO o.a.j.t.JMeterThread: Thread started: Gr_25 1-95
2022-02-25 20:45:47,961 INFO o.a.j.t.JMeterThread: Thread is done: Gr_25 1-90
2022-02-25 20:45:47,961 INFO o.a.j.t.JMeterThread: Thread finished: Gr_25 1-90
2022-02-25 20:45:48,054 INFO o.a.j.t.JMeterThread: Thread is done: Gr_25 1-91
2022-02-25 20:45:48,054 INFO o.a.j.t.JMeterThread: Thread finished: Gr_25 1-91
2022-02-25 20:45:48,063 INFO o.a.j.t.JMeterThread: Thread started: Gr_25 1-96
2022-02-25 20:45:48,147 INFO o.a.j.t.JMeterThread: Thread is done: Gr_25 1-92
2022-02-25 20:45:48,147 INFO o.a.j.t.JMeterThread: Thread finished: Gr_25 1-92
2022-02-25 20:45:48,162 INFO o.a.j.t.JMeterThread: Thread started: Gr_25 1-97
2022-02-25 20:45:48,240 INFO o.a.j.t.JMeterThread: Thread is done: Gr_25 1-93
2022-02-25 20:45:48,240 INFO o.a.j.t.JMeterThread: Thread finished: Gr_25 1-93
2022-02-25 20:45:48,262 INFO o.a.j.t.JMeterThread: Thread started: Gr_25 1-98
2022-02-25 20:45:48,360 INFO o.a.j.t.JMeterThread: Thread started: Gr_25 1-99
2022-02-25 20:45:48,376 INFO o.a.j.t.JMeterThread: Thread is done: Gr_25 1-94
2022-02-25 20:45:48,377 INFO o.a.j.t.JMeterThread: Thread finished: Gr_25 1-94
2022-02-25 20:45:48,463 INFO o.a.j.t.JMeterThread: Thread started: Gr_25 1-100
2022-02-25 20:45:48,575 INFO o.a.j.t.JMeterThread: Thread is done: Gr_25 1-96
2022-02-25 20:45:48,575 INFO o.a.j.t.JMeterThread: Thread is done: Gr_25 1-86
2022-02-25 20:45:48,575 INFO o.a.j.t.JMeterThread: Thread finished: Gr_25 1-96
2022-02-25 20:45:48,575 INFO o.a.j.t.JMeterThread: Thread finished: Gr_25 1-86
2022-02-25 20:45:48,800 INFO o.a.j.t.JMeterThread: Thread is done: Gr_25 1-85
2022-02-25 20:45:48,800 INFO o.a.j.t.JMeterThread: Thread finished: Gr_25 1-85
2022-02-25 20:45:48,847 INFO o.a.j.t.JMeterThread: Thread is done: Gr_25 1-99
2022-02-25 20:45:48,847 INFO o.a.j.t.JMeterThread: Thread finished: Gr_25 1-99
2022-02-25 20:45:48,954 INFO o.a.j.t.JMeterThread: Thread is done: Gr_25 1-100
2022-02-25 20:45:48,955 INFO o.a.j.t.JMeterThread: Thread finished: Gr_25 1-100
2022-02-25 20:45:49,677 INFO o.a.j.t.JMeterThread: Thread is done: Gr_25 1-97
2022-02-25 20:45:49,677 INFO o.a.j.t.JMeterThread: Thread finished: Gr_25 1-97
2022-02-25 20:45:49,735 INFO o.a.j.t.JMeterThread: Thread is done: Gr_25 1-98
2022-02-25 20:45:49,735 INFO o.a.j.t.JMeterThread: Thread finished: Gr_25 1-98
2022-02-25 20:45:49,800 INFO o.a.j.t.JMeterThread: Thread is done: Gr_25 1-95
2022-02-25 20:45:49,800 INFO o.a.j.t.JMeterThread: Thread finished: Gr_25 1-95
2022-02-25 20:45:49,800 INFO o.a.j.e.StandardJMeterEngine: Notifying test listeners of end of test
2022-02-25 20:45:49,801 INFO o.a.j.g.u.JMeterMenuBar: setRunning(false, *local*)
